<?xml version="1.0" encoding="UTF-8"?>
<!-- Generated by org.testng.reporters.JUnitXMLReporter -->
<testsuite ignored="0" hostname="DESKTOP-5JQ58B7" failures="1" tests="1" name="Test" time="67.777" errors="0" timestamp="2022-02-27T21:59:23 IST">
  <testcase classname="Academy.FebE2E.validateTittle" name="basepageValidation" time="60.706">
    <failure type="java.lang.AssertionError" message="expected [AN ACADEMY TO LEARN EVERYTHING ABOUT TESTING123] but found [AN ACADEMY TO LEARN EVERYTHING ABOUT TESTING]">
      <![CDATA[java.lang.AssertionError: expected [AN ACADEMY TO LEARN EVERYTHING ABOUT TESTING123] but found [AN ACADEMY TO LEARN EVERYTHING ABOUT TESTING]
at Academy.FebE2E.validateTittle.basepageValidation(validateTittle.java:22)
at java.base/java.util.ArrayList.forEach(ArrayList.java:1511)
... Removed 33 stack frames]]>
    </failure>
  </testcase> <!-- basepageValidation -->
</testsuite> <!-- Test -->
